<?xml version="1.0" encoding="UTF-8" ?>
<testsuite tests="8" failures="0" name="TestSuite" time="13.346" errors="0" skipped="0">
  <properties>
    <property name="java.runtime.name" value="Java(TM) SE Runtime Environment"/>
    <property name="java.vm.version" value="11.0.3+12-LTS"/>
    <property name="sun.boot.library.path" value="C:\Program Files\Java\jdk-11.0.3\bin"/>
    <property name="maven.multiModuleProjectDirectory" value="C:\Users\Agrawal\eclipse-workspace-new\RestAssured"/>
    <property name="java.vm.vendor" value="Oracle Corporation"/>
    <property name="java.vendor.url" value="http://java.oracle.com/"/>
    <property name="guice.disable.misplaced.annotation.check" value="true"/>
    <property name="path.separator" value=";"/>
    <property name="java.vm.name" value="Java HotSpot(TM) 64-Bit Server VM"/>
    <property name="sun.os.patch.level" value=""/>
    <property name="user.script" value=""/>
    <property name="user.country" value="US"/>
    <property name="sun.java.launcher" value="SUN_STANDARD"/>
    <property name="java.vm.specification.name" value="Java Virtual Machine Specification"/>
    <property name="user.dir" value="C:\Users\Agrawal\eclipse-workspace-new\RestAssured"/>
    <property name="java.vm.compressedOopsMode" value="32-bit"/>
    <property name="java.runtime.version" value="11.0.3+12-LTS"/>
    <property name="java.awt.graphicsenv" value="sun.awt.Win32GraphicsEnvironment"/>
    <property name="os.arch" value="amd64"/>
    <property name="java.io.tmpdir" value="C:\Users\Agrawal\AppData\Local\Temp\"/>
    <property name="line.separator" value="
"/>
    <property name="java.vm.specification.vendor" value="Oracle Corporation"/>
    <property name="user.variant" value=""/>
    <property name="os.name" value="Windows 10"/>
    <property name="classworlds.conf" value="C:\Users\Agrawal\eclipse-workspace-new\.metadata\.plugins\org.eclipse.m2e.launching\launches\m2conf4769915389640318067.tmp"/>
    <property name="sun.jnu.encoding" value="Cp1252"/>
    <property name="java.library.path" value="C:\Program Files\Java\jdk-11.0.3\bin;C:\WINDOWS\Sun\Java\bin;C:\WINDOWS\system32;C:\WINDOWS;C:/Program Files/Java/jdk-11.0.3/bin/server;C:/Program Files/Java/jdk-11.0.3/bin;C:\Program Files (x86)\Common Files\Oracle\Java\javapath;C:\ProgramData\Oracle\Java\javapath;C:\Program Files (x86)\Intel\iCLS Client\;C:\Program Files\Intel\iCLS Client\;C:\WINDOWS\system32;C:\WINDOWS;C:\WINDOWS\System32\Wbem;C:\WINDOWS\System32\WindowsPowerShell\v1.0\;C:\Program Files\Intel\Intel(R) Management Engine Components\DAL;C:\Program Files\Intel\Intel(R) Management Engine Components\IPT;C:\Program Files (x86)\Intel\Intel(R) Management Engine Components\DAL;C:\Program Files (x86)\Intel\Intel(R) Management Engine Components\IPT;C:\Program Files (x86)\Common Files\Roxio Shared\OEM\DLLShared\;C:\Program Files (x86)\Common Files\Roxio Shared\OEM\12.0\DLLShared\;C:\Program Files (x86)\Roxio\OEM\AudioCore\;C:\Program Files (x86)\ATI Technologies\ATI.ACE\Core-Static;C:\Program Files\MySQL\MySQL Server 5.1\bin;C:\WINDOWS\System32\OpenSSH\;C:\Program Files (x86)\Groovy\Groovy-3.0.0\bin;F:\dev\tools\apache-maven-3.5.3\bin;C:\Program Files (x86)\Brackets\command;C:\Program Files\VisualSVN Server\bin;C:\Program Files\Git\cmd;C:\Users\Agrawal\AppData\Local\Programs\Python\Python37-32\Scripts;C:\Users\Agrawal\AppData\Local\Programs\Python\Python37-32;E:\Selenium\Drivers\;C:\Users\Agrawal\AppData\Local\Android\Sdk\tools;C:\Users\Agrawal\AppData\Local\Android\Sdk\platform-tools;C:\Users\Agrawal\AppData\Local\Android\Sdk\tools\bin;C:\Program Files\nodejs\;%JAVA_HOME%\bin;%CATALINA_HOME%\bin;C:\Users\Agrawal\AppData\Local\Programs\Python\Python37-32\Scripts\;C:\Users\Agrawal\AppData\Local\Programs\Python\Python37-32\;F:\dev\tools\apache-ant-1.10.5-bin\apache-ant-1.10.5\bin;&quot;F:\dev\tools\apache-maven-3.5.3\bin;C:\Program Files\Java\tools;C:\Program Files\Java\jdk-10\bin;C:\Program Files\Java\jre-10.0.1\bin&quot;;C:\Users\Agrawal\AppData\Local\Microsoft\WindowsApps;C:\Program Files\Mozilla Firefox\firefox.exe;F:\dev\tools\PyCharm\PyCharm Community Edition 2018.3.1\bin;;C:\Users\Agrawal\AppData\Roaming\npm;C:\Program Files\JetBrains\WebStorm 2019.1.3\bin;;C:\Program Files (x86)\Java\jre1.8.0_211\bin;;C:\Program Files\Docker Toolbox;C:\Users\Agrawal\Desktop;;."/>
    <property name="jdk.debug" value="release"/>
    <property name="java.class.version" value="55.0"/>
    <property name="java.specification.name" value="Java Platform API Specification"/>
    <property name="sun.management.compiler" value="HotSpot 64-Bit Tiered Compilers"/>
    <property name="os.version" value="10.0"/>
    <property name="user.home" value="C:\Users\Agrawal"/>
    <property name="user.timezone" value="Asia/Calcutta"/>
    <property name="java.awt.printerjob" value="sun.awt.windows.WPrinterJob"/>
    <property name="file.encoding" value="Cp1252"/>
    <property name="java.specification.version" value="11"/>
    <property name="user.name" value="Agrawal"/>
    <property name="java.class.path" value="C:\Users\Agrawal\.p2\pool\plugins\org.eclipse.m2e.maven.runtime_1.12.0.20190529-1915\jars\plexus-classworlds-2.6.0.jar"/>
    <property name="java.vm.specification.version" value="11"/>
    <property name="sun.arch.data.model" value="64"/>
    <property name="sun.java.command" value="org.codehaus.plexus.classworlds.launcher.Launcher -B test"/>
    <property name="java.home" value="C:\Program Files\Java\jdk-11.0.3"/>
    <property name="user.language" value="en"/>
    <property name="java.specification.vendor" value="Oracle Corporation"/>
    <property name="awt.toolkit" value="sun.awt.windows.WToolkit"/>
    <property name="java.vm.info" value="mixed mode"/>
    <property name="java.version" value="11.0.3"/>
    <property name="java.vendor" value="Oracle Corporation"/>
    <property name="maven.home" value="C:\Users\Agrawal\eclipse-workspace-new\RestAssured\EMBEDDED"/>
    <property name="file.separator" value="\"/>
    <property name="java.version.date" value="2019-04-16"/>
    <property name="java.vendor.url.bug" value="http://bugreport.java.com/bugreport/"/>
    <property name="sun.io.unicode.encoding" value="UnicodeLittle"/>
    <property name="sun.cpu.endian" value="little"/>
    <property name="java.vendor.version" value="18.9"/>
    <property name="sun.desktop" value="windows"/>
    <property name="sun.cpu.isalist" value="amd64"/>
  </properties>
  <testcase classname="com.restassured.learning.tests.ContentTypeTest" name="getUsers" time="6.697"/>
  <testcase classname="com.restassured.learning.tests.CreateUserPOSTTest" name="createUser" time="2.466"/>
  <testcase classname="com.restassured.learning.datadriventesting.CreateUsersTest" name="createUsersDDT" time="0.517"/>
  <testcase classname="com.restassured.learning.datadriventesting.CreateUsersTest" name="createUsersDDT" time="0.586"/>
  <testcase classname="com.restassured.learning.tests.GetAllUsersTest" name="getAllUsers" time="1.393"/>
  <testcase classname="com.restassured.learning.tests.OrchesrationCreateDeleteTest" name="main" time="0.515"/>
  <testcase classname="com.restassured.learning.tests.ResponseTest" name="validateResponse" time="0.703"/>
  <testcase classname="com.restassured.learning.tests.StatusCodeTest" name="smokeTest" time="0.469"/>
</testsuite>