<?xml version="1.0" encoding="UTF-8"?>
<!-- Generated by org.testng.reporters.JUnitReportReporter -->
<testsuite hostname="DESKTOP-088KN70" failures="0" tests="1" name="com.restassured.learning.tests.ResponseTest" time="0.703" errors="0" timestamp="8 Sep 2019 07:29:05 GMT">
  <testcase classname="com.restassured.learning.tests.ResponseTest" name="validateResponse" time="0.703"/>
</testsuite> <!-- com.restassured.learning.tests.ResponseTest -->
