<?xml version="1.0" encoding="UTF-8"?>
<!-- Generated by org.testng.reporters.JUnitReportReporter -->
<testsuite hostname="DESKTOP-088KN70" failures="0" tests="1" name="com.restassured.learning.tests.StatusCodeTest" time="0.469" errors="0" timestamp="8 Sep 2019 07:29:05 GMT">
  <testcase classname="com.restassured.learning.tests.StatusCodeTest" name="smokeTest" time="0.469"/>
</testsuite> <!-- com.restassured.learning.tests.StatusCodeTest -->
