<?xml version="1.0" encoding="UTF-8"?>
<!-- Generated by org.testng.reporters.JUnitReportReporter -->
<testsuite hostname="DESKTOP-088KN70" failures="0" tests="1" name="com.restassured.learning.tests.PostsTest" time="14.653" errors="0" timestamp="10 Sep 2019 17:00:24 GMT" skipped="0">
  <testcase classname="com.restassured.learning.tests.PostsTest" name="verifyPost" time="14.653"/>
</testsuite> <!-- com.restassured.learning.tests.PostsTest -->
