<?xml version="1.0" encoding="UTF-8"?>
<!-- Generated by org.testng.reporters.JUnitReportReporter -->
<testsuite hostname="DESKTOP-088KN70" failures="0" tests="1" name="com.restassured.learning.tests.OrchesrationCreateDeleteTest" time="0.564" errors="0" timestamp="10 Sep 2019 14:28:00 GMT">
  <testcase classname="com.restassured.learning.tests.OrchesrationCreateDeleteTest" name="main" time="0.564"/>
</testsuite> <!-- com.restassured.learning.tests.OrchesrationCreateDeleteTest -->
