<?xml version="1.0" encoding="UTF-8"?>
<!-- Generated by org.testng.reporters.JUnitReportReporter -->
<testsuite hostname="DESKTOP-088KN70" failures="0" tests="1" name="com.restassured.learning.tests.GetAllUsersTest" time="3.813" errors="0" timestamp="10 Sep 2019 14:28:00 GMT">
  <testcase classname="com.restassured.learning.tests.GetAllUsersTest" name="getAllUsers" time="3.813"/>
</testsuite> <!-- com.restassured.learning.tests.GetAllUsersTest -->
