<?xml version="1.0" encoding="UTF-8"?>
<!-- Generated by org.testng.reporters.JUnitReportReporter -->
<testsuite hostname="DESKTOP-088KN70" failures="0" tests="1" name="com.restassured.learning.tests.ContentTypeTest" time="42.248" errors="0" timestamp="10 Sep 2019 14:28:00 GMT">
  <testcase classname="com.restassured.learning.tests.ContentTypeTest" name="getUsers" time="42.248"/>
</testsuite> <!-- com.restassured.learning.tests.ContentTypeTest -->
