<?xml version="1.0" encoding="UTF-8"?>
<!-- Generated by org.testng.reporters.JUnitReportReporter -->
<testsuite hostname="DESKTOP-088KN70" failures="0" tests="2" name="com.restassured.learning.datadriventesting.CreateUsersTest" time="1.111" errors="0" timestamp="8 Sep 2019 07:29:05 GMT">
  <testcase classname="com.restassured.learning.datadriventesting.CreateUsersTest" name="createUsersDDT" time="0.578"/>
  <testcase classname="com.restassured.learning.datadriventesting.CreateUsersTest" name="createUsersDDT" time="0.533"/>
</testsuite> <!-- com.restassured.learning.datadriventesting.CreateUsersTest -->
