<?xml version="1.0" encoding="UTF-8"?>
<!-- Generated by org.testng.reporters.JUnitReportReporter -->
<testsuite hostname="DESKTOP-088KN70" failures="0" tests="1" name="com.restassured.learning.tests.OrchesrationCreateDeleteTest" time="0.515" errors="0" timestamp="8 Sep 2019 07:29:05 GMT">
  <testcase classname="com.restassured.learning.tests.OrchesrationCreateDeleteTest" name="main" time="0.515"/>
</testsuite> <!-- com.restassured.learning.tests.OrchesrationCreateDeleteTest -->
